
Simulating: basra_kuwait_mix | propane | S/O=8.0 | T=75-85°C | 4 stages (HETP=2000mm) | predilution=0.000

****************************************************************
  SDA Unit Simulator — Base Case Results
  Feed: Heavy VR Blend A  (Design)
****************************************************************

================================================================
  FEED PROPERTIES (Operating Manual, Plant 41)
================================================================
  API Gravity                           : 6.1  
  Specific Gravity @15.5°C              : 1.028  
  Conradson Carbon                      : 22.8  wt%
  Viscosity @100°C                      : 1621  cSt
  Viscosity @135°C                      : 230  cSt
  Nickel                                : 28  wppm
  Vanadium                              : 104  wppm

  SARA Breakdown (back-calculated from CCR/API/metals):
      Saturates                         : 8.5  wt%
      Aromatics                         : 32  wt%
      Resins                            : 47.5  wt%
      Asphaltenes                       : 12  wt%
  Number-avg MW                         : 751.5  g/mol
  Weight-avg MW                         : 946.7  g/mol
  Mean density                          : 0.9594  g/cm³

================================================================
  OPERATING CONDITIONS
================================================================
  Solvent                               : propane  
  Solvent/Oil ratio                     : 8  kg/kg
  Stages                                : 4  
  Temperature profile                   : 75.0, 79.2, 82.2, 85.0  degC  (bottom -> top)

================================================================
  MAIN RESULTS
================================================================
  DAO Yield                             : 2.027  wt%
  Asphalt / Pitch Yield                 : 97.97  wt%
  Asphaltene in DAO (contam.)           : 4.254  wt%  [colour/quality risk]
  Mass balance check                    : 100  wt%
  DAO avg MW                            : 677.5  g/mol
  Asphalt avg MW                        : 974.8  g/mol
  DAO liquid density                    : 0.9355  g/cm³

  DAO SARA composition:
      Saturates                         : 26.09  wt%
      Aromatics                         : 48.12  wt%
      Resins                            : 21.53  wt%
      Asphaltenes                       : 4.254  wt%

================================================================
  STAGE BREAKDOWN
================================================================
  Stage   T[°C]   LLE Yield   Precip%   Asphal in DAO
  -----  ------  ----------  --------  --------------
      1    75.0        8.5%     98.9%          1.638%
      2    79.2        7.2%     99.2%          1.393%
      3    82.2        1.0%     99.9%          3.670%
      4    85.0        1.0%     99.7%          5.383%

================================================================
  Simulation complete.
================================================================

==========================================================
  SDA Unit Simulator Web UI
  ->  http://localhost:5000
  Press Ctrl+C to stop
==========================================================

 * Serving Flask app 'run_simulation'
 * Debug mode: off

[SDA] Server stopped by UI kill button.
